c:\users\김형준\documents\winprogramming\명령 프롬프트\명령 프롬프트 단위 테스트\debug\명령 프롬프트 단위 테스트.pch
c:\users\김형준\documents\winprogramming\명령 프롬프트\명령 프롬프트 단위 테스트\debug\vc142.pdb
c:\users\김형준\documents\winprogramming\명령 프롬프트\명령 프롬프트 단위 테스트\debug\vc142.idb
c:\users\김형준\documents\winprogramming\명령 프롬프트\명령 프롬프트 단위 테스트\debug\pch.obj
c:\users\김형준\documents\winprogramming\명령 프롬프트\명령 프롬프트 단위 테스트\debug\명령 프롬프트 단위 테스트.obj
c:\users\김형준\documents\winprogramming\명령 프롬프트\debug\명령 프롬프트 단위 테스트.dll
c:\users\김형준\documents\winprogramming\명령 프롬프트\debug\명령 프롬프트 단위 테스트.ilk
c:\users\김형준\documents\winprogramming\명령 프롬프트\debug\명령 프롬프트 단위 테스트.pdb
c:\users\김형준\documents\winprogramming\명령 프롬프트\debug\명령 프롬프트 단위 테스트.lib
c:\users\김형준\documents\winprogramming\명령 프롬프트\debug\명령 프롬프트 단위 테스트.exp
c:\users\김형준\documents\winprogramming\명령 프롬프트\명령 프롬프트 단위 테스트\debug\명령 프롬프트 단위 테스트.tlog\cl.command.1.tlog
c:\users\김형준\documents\winprogramming\명령 프롬프트\명령 프롬프트 단위 테스트\debug\명령 프롬프트 단위 테스트.tlog\cl.read.1.tlog
c:\users\김형준\documents\winprogramming\명령 프롬프트\명령 프롬프트 단위 테스트\debug\명령 프롬프트 단위 테스트.tlog\cl.write.1.tlog
c:\users\김형준\documents\winprogramming\명령 프롬프트\명령 프롬프트 단위 테스트\debug\명령 프롬프트 단위 테스트.tlog\link.11612.delete.1.tlog
c:\users\김형준\documents\winprogramming\명령 프롬프트\명령 프롬프트 단위 테스트\debug\명령 프롬프트 단위 테스트.tlog\link.15184.delete.1.tlog
c:\users\김형준\documents\winprogramming\명령 프롬프트\명령 프롬프트 단위 테스트\debug\명령 프롬프트 단위 테스트.tlog\link.25828.delete.1.tlog
c:\users\김형준\documents\winprogramming\명령 프롬프트\명령 프롬프트 단위 테스트\debug\명령 프롬프트 단위 테스트.tlog\link.26392.delete.1.tlog
c:\users\김형준\documents\winprogramming\명령 프롬프트\명령 프롬프트 단위 테스트\debug\명령 프롬프트 단위 테스트.tlog\link.command.1.tlog
c:\users\김형준\documents\winprogramming\명령 프롬프트\명령 프롬프트 단위 테스트\debug\명령 프롬프트 단위 테스트.tlog\link.read.1.tlog
c:\users\김형준\documents\winprogramming\명령 프롬프트\명령 프롬프트 단위 테스트\debug\명령 프롬프트 단위 테스트.tlog\link.write.1.tlog
c:\users\김형준\documents\winprogramming\명령 프롬프트\명령 프롬프트 단위 테스트\debug\명령 프롬프트 단위 테스트.tlog\명령 프롬프트 단위 테스트.write.1u.tlog
