  CmdPrompt.cpp
C:\Users\김형준\Documents\winProgramming\명령 프롬프트\CmdPrompt.cpp(68,3): error C2562: 'CMD_PROMPT::CmdEventProc': 'void' 함수에서 값을 반환하고 있습니다.
C:\Users\김형준\Documents\winProgramming\명령 프롬프트\CmdPrompt.cpp(53): message : 'CMD_PROMPT::CmdEventProc' 선언을 참조하십시오.
C:\Users\김형준\Documents\winProgramming\명령 프롬프트\CmdPrompt.cpp(72,7): error C2065: 'cmdTokenIndex': 선언되지 않은 식별자입니다.
C:\Users\김형준\Documents\winProgramming\명령 프롬프트\CmdPrompt.cpp(74,24): error C2065: 'cmdTokenIndex': 선언되지 않은 식별자입니다.
C:\Users\김형준\Documents\winProgramming\명령 프롬프트\CmdPrompt.cpp(121,2): error C2562: 'CMD_PROMPT::CmdEventProc': 'void' 함수에서 값을 반환하고 있습니다.
C:\Users\김형준\Documents\winProgramming\명령 프롬프트\CmdPrompt.cpp(53): message : 'CMD_PROMPT::CmdEventProc' 선언을 참조하십시오.
C:\Users\김형준\Documents\winProgramming\명령 프롬프트\CmdPrompt.cpp(138,17): error C2039: 'ClearAll': 'CMD_TOKEN'의 멤버가 아닙니다.
C:\Users\김형준\Documents\winProgramming\명령 프롬프트\CmdToken.h(6): message : 'CMD_TOKEN' 선언을 참조하십시오.
C:\Users\김형준\Documents\winProgramming\명령 프롬프트\CmdPrompt.cpp(140,2): error C2355: 'this': 비정적 멤버 함수 또는 비정적 데이터 멤버 이니셜라이저 안에서만 참조할 수 있습니다.
C:\Users\김형준\Documents\winProgramming\명령 프롬프트\CmdPrompt.cpp(141,9): error C2355: 'this': 비정적 멤버 함수 또는 비정적 데이터 멤버 이니셜라이저 안에서만 참조할 수 있습니다.
  CmdToken.cpp
  main.cpp
C:\Users\김형준\Documents\winProgramming\명령 프롬프트\main.cpp(16,16): error C2440: '초기화 중': 'CMD_TOKEN_BUILDER'에서 'CMD_TOKEN'(으)로 변환할 수 없습니다.
C:\Users\김형준\Documents\winProgramming\명령 프롬프트\main.cpp(16,16): message : 이 변환을 수행할 수 있는 사용 가능한 사용자 정의 변환 연산자가 없거나 연산자를 호출할 수 없습니다.
C:\Users\김형준\Documents\winProgramming\명령 프롬프트\main.cpp(32,2): error C2059: 구문 오류: '}'
C:\Users\김형준\Documents\winProgramming\명령 프롬프트\main.cpp(36,3): error C3861: 'ClearToken': 식별자를 찾을 수 없습니다.
C:\Users\김형준\Documents\winProgramming\명령 프롬프트\main.cpp(37,3): error C3861: 'CmdReadTokenizeProc': 식별자를 찾을 수 없습니다.
C:\Users\김형준\Documents\winProgramming\명령 프롬프트\main.cpp(39,11): error C3861: 'CmdProc': 식별자를 찾을 수 없습니다.
C:\Users\김형준\Documents\winProgramming\명령 프롬프트\main.cpp(40,3): error C2050: switch 식이 정수 계열이 아닙니다.
  Utils.cpp
  코드를 생성하고 있습니다...
